[24/03/2026 2:49:58] DEBUG: Recibido paquete ALOGIN (Err: 0 - )
[24/03/2026 2:49:58] DEBUG: ALOGIN Cuenta=scorpio PassLen=7 (Err: 0 - )
[24/03/2026 2:49:58] DEBUG: Verificando si existe cuenta: scorpio (Err: 0 - )
[24/03/2026 2:49:58] DEBUG: Cuenta existe, continuando proceso... (Err: 0 - )
[24/03/2026 2:49:58] DEBUG: Llamando ConnectAccount (Err: 0 - )
[24/03/2026 2:49:58] DEBUG: ConnectAccount Cuenta=scorpio PassLen=7 (Err: 0 - )
[24/03/2026 2:49:58] DEBUG: PassServidorLen=7 (Err: 0 - )
[24/03/2026 2:49:58] DEBUG: ConnectAccount password OK (Err: 0 - )
[24/03/2026 2:49:58] DEBUG: EnviarListaPJs Cuenta=scorpio NumPjs=1 (Err: 0 - )
[24/03/2026 2:49:58] DEBUG: Enviando ADDPJ PJ=PERERU Slot=1 (Err: 0 - )
[24/03/2026 3:09:41] DEBUG: Recibido paquete ALOGIN (Err: 0 - )
[24/03/2026 3:09:41] DEBUG: ALOGIN Cuenta=scorpio PassLen=7 (Err: 0 - )
[24/03/2026 3:09:41] DEBUG: Verificando si existe cuenta: scorpio (Err: 0 - )
[24/03/2026 3:09:41] DEBUG: Cuenta existe, continuando proceso... (Err: 0 - )
[24/03/2026 3:09:41] DEBUG: Llamando ConnectAccount (Err: 0 - )
[24/03/2026 3:09:41] DEBUG: ConnectAccount Cuenta=scorpio PassLen=7 (Err: 0 - )
[24/03/2026 3:09:41] DEBUG: PassServidorLen=7 (Err: 0 - )
[24/03/2026 3:09:41] DEBUG: ConnectAccount password OK (Err: 0 - )
[24/03/2026 3:09:41] DEBUG: EnviarListaPJs Cuenta=scorpio NumPjs=2 (Err: 0 - )
[24/03/2026 3:09:41] DEBUG: Enviando ADDPJ PJ=PERERU Slot=1 (Err: 0 - )
[24/03/2026 3:09:41] DEBUG: Enviando ADDPJ PJ=DERED Slot=2 (Err: 0 - )
[24/03/2026 3:29:26] DEBUG: Recibido paquete ALOGIN (Err: 0 - )
[24/03/2026 3:29:26] DEBUG: ALOGIN Cuenta=scorpio PassLen=7 (Err: 0 - )
[24/03/2026 3:29:26] DEBUG: Verificando si existe cuenta: scorpio (Err: 0 - )
[24/03/2026 3:29:26] DEBUG: Cuenta existe, continuando proceso... (Err: 0 - )
[24/03/2026 3:29:26] DEBUG: Llamando ConnectAccount (Err: 0 - )
[24/03/2026 3:29:26] DEBUG: ConnectAccount Cuenta=scorpio PassLen=7 (Err: 0 - )
[24/03/2026 3:29:26] DEBUG: PassServidorLen=7 (Err: 0 - )
[24/03/2026 3:29:26] DEBUG: ConnectAccount password OK (Err: 0 - )
[24/03/2026 3:29:26] DEBUG: EnviarListaPJs Cuenta=scorpio NumPjs=2 (Err: 0 - )
[24/03/2026 3:29:26] DEBUG: Enviando ADDPJ PJ=PERERU Slot=1 (Err: 0 - )
[24/03/2026 3:29:26] DEBUG: Enviando ADDPJ PJ=DERED Slot=2 (Err: 0 - )
[24/03/2026 3:39:40] DEBUG: Recibido paquete ALOGIN (Err: 0 - )
[24/03/2026 3:39:40] DEBUG: ALOGIN Cuenta=scorpio PassLen=7 (Err: 0 - )
[24/03/2026 3:39:40] DEBUG: Verificando si existe cuenta: scorpio (Err: 0 - )
[24/03/2026 3:39:40] DEBUG: Cuenta existe, continuando proceso... (Err: 0 - )
[24/03/2026 3:39:40] DEBUG: Llamando ConnectAccount (Err: 0 - )
[24/03/2026 3:39:40] DEBUG: ConnectAccount Cuenta=scorpio PassLen=7 (Err: 0 - )
[24/03/2026 3:39:40] DEBUG: PassServidorLen=7 (Err: 0 - )
[24/03/2026 3:39:40] DEBUG: ConnectAccount password OK (Err: 0 - )
[24/03/2026 3:39:40] DEBUG: EnviarListaPJs Cuenta=scorpio NumPjs=2 (Err: 0 - )
[24/03/2026 3:39:40] DEBUG: Enviando ADDPJ PJ=PERERU Slot=1 (Err: 0 - )
[24/03/2026 3:39:40] DEBUG: Enviando ADDPJ PJ=DERED Slot=2 (Err: 0 - )
[24/03/2026 3:47:46] DEBUG: Recibido paquete ALOGIN (Err: 0 - )
[24/03/2026 3:47:46] DEBUG: ALOGIN Cuenta=scorpio PassLen=7 (Err: 0 - )
[24/03/2026 3:47:46] DEBUG: Verificando si existe cuenta: scorpio (Err: 0 - )
[24/03/2026 3:47:46] DEBUG: Cuenta existe, continuando proceso... (Err: 0 - )
[24/03/2026 3:47:46] DEBUG: Llamando ConnectAccount (Err: 0 - )
[24/03/2026 3:47:46] DEBUG: ConnectAccount Cuenta=scorpio PassLen=7 (Err: 0 - )
[24/03/2026 3:47:46] DEBUG: PassServidorLen=7 (Err: 0 - )
[24/03/2026 3:47:46] DEBUG: ConnectAccount password OK (Err: 0 - )
[24/03/2026 3:47:46] DEBUG: EnviarListaPJs Cuenta=scorpio NumPjs=2 (Err: 0 - )
[24/03/2026 3:47:46] DEBUG: Enviando ADDPJ PJ=PERERU Slot=1 (Err: 0 - )
[24/03/2026 3:47:46] DEBUG: Enviando ADDPJ PJ=DERED Slot=2 (Err: 0 - )
[24/03/2026 13:29:45] DEBUG: Recibido paquete ALOGIN (Err: 0 - )
[24/03/2026 13:29:45] DEBUG: ALOGIN Cuenta=scorpio PassLen=7 (Err: 0 - )
[24/03/2026 13:29:45] DEBUG: Verificando si existe cuenta: scorpio (Err: 0 - )
[24/03/2026 13:29:45] DEBUG: Cuenta existe, continuando proceso... (Err: 0 - )
[24/03/2026 13:29:45] DEBUG: Llamando ConnectAccount (Err: 0 - )
[24/03/2026 13:29:45] DEBUG: ConnectAccount Cuenta=scorpio PassLen=7 (Err: 0 - )
[24/03/2026 13:29:45] DEBUG: PassServidorLen=7 (Err: 0 - )
[24/03/2026 13:29:45] DEBUG: ConnectAccount password OK (Err: 0 - )
[24/03/2026 13:29:45] DEBUG: EnviarListaPJs Cuenta=scorpio NumPjs=2 (Err: 0 - )
[24/03/2026 13:29:45] DEBUG: Enviando ADDPJ PJ=PERERU Slot=1 (Err: 0 - )
[24/03/2026 13:29:45] DEBUG: Enviando ADDPJ PJ=DERED Slot=2 (Err: 0 - )
[24/03/2026 13:45:16] Error en CrearNPC (Err: 0 - )
[24/03/2026 13:45:16] Error en CrearNPC (Err: 0 - )
[24/03/2026 13:45:16] Error en CrearNPC (Err: 0 - )
[24/03/2026 14:31:16] DEBUG: Recibido paquete ALOGIN (Err: 0 - )
[24/03/2026 14:31:16] DEBUG: ALOGIN Cuenta=scorpio PassLen=7 (Err: 0 - )
[24/03/2026 14:31:16] DEBUG: Verificando si existe cuenta: scorpio (Err: 0 - )
[24/03/2026 14:31:16] DEBUG: Cuenta existe, continuando proceso... (Err: 0 - )
[24/03/2026 14:31:16] DEBUG: Llamando ConnectAccount (Err: 0 - )
[24/03/2026 14:31:16] DEBUG: ConnectAccount Cuenta=scorpio PassLen=7 (Err: 0 - )
[24/03/2026 14:31:16] DEBUG: PassServidorLen=7 (Err: 0 - )
[24/03/2026 14:31:16] DEBUG: ConnectAccount password OK (Err: 0 - )
[24/03/2026 14:31:16] DEBUG: EnviarListaPJs Cuenta=scorpio NumPjs=2 (Err: 0 - )
[24/03/2026 14:31:16] DEBUG: Enviando ADDPJ PJ=PERERU Slot=1 (Err: 0 - )
[24/03/2026 14:31:16] DEBUG: Enviando ADDPJ PJ=DERED Slot=2 (Err: 0 - )
[24/03/2026 14:31:20] DEBUG: Recibido paquete ALOGIN (Err: 0 - )
[24/03/2026 14:31:20] DEBUG: ALOGIN Cuenta=scorpio PassLen=7 (Err: 0 - )
[24/03/2026 14:31:20] DEBUG: Verificando si existe cuenta: scorpio (Err: 0 - )
[24/03/2026 14:31:20] DEBUG: Cuenta existe, continuando proceso... (Err: 0 - )
[24/03/2026 14:31:20] DEBUG: Llamando ConnectAccount (Err: 0 - )
[24/03/2026 14:31:20] DEBUG: ConnectAccount Cuenta=scorpio PassLen=7 (Err: 0 - )
[24/03/2026 14:31:20] DEBUG: PassServidorLen=7 (Err: 0 - )
[24/03/2026 14:31:20] DEBUG: ConnectAccount password OK (Err: 0 - )
[24/03/2026 14:31:20] DEBUG: EnviarListaPJs Cuenta=scorpio NumPjs=2 (Err: 0 - )
[24/03/2026 14:31:20] DEBUG: Enviando ADDPJ PJ=PERERU Slot=1 (Err: 0 - )
[24/03/2026 14:31:20] DEBUG: Enviando ADDPJ PJ=DERED Slot=2 (Err: 0 - )
[24/03/2026 14:32:16] DEBUG: Recibido paquete ALOGIN (Err: 0 - )
[24/03/2026 14:32:16] DEBUG: ALOGIN Cuenta=scorpio PassLen=7 (Err: 0 - )
[24/03/2026 14:32:16] DEBUG: Verificando si existe cuenta: scorpio (Err: 0 - )
[24/03/2026 14:32:16] DEBUG: Cuenta existe, continuando proceso... (Err: 0 - )
[24/03/2026 14:32:16] DEBUG: Llamando ConnectAccount (Err: 0 - )
[24/03/2026 14:32:16] DEBUG: ConnectAccount Cuenta=scorpio PassLen=7 (Err: 0 - )
[24/03/2026 14:32:16] DEBUG: PassServidorLen=7 (Err: 0 - )
[24/03/2026 14:32:16] DEBUG: ConnectAccount password OK (Err: 0 - )
[24/03/2026 14:32:16] DEBUG: EnviarListaPJs Cuenta=scorpio NumPjs=2 (Err: 0 - )
[24/03/2026 14:32:16] DEBUG: Enviando ADDPJ PJ=PERERU Slot=1 (Err: 0 - )
[24/03/2026 14:32:16] DEBUG: Enviando ADDPJ PJ=DERED Slot=2 (Err: 0 - )
[24/03/2026 14:32:30] DEBUG: EnviarListaPJs Cuenta=scorpio NumPjs=2 (Err: 0 - )
[24/03/2026 14:32:31] DEBUG: Enviando ADDPJ PJ=PERERU Slot=1 (Err: 0 - )
[24/03/2026 14:32:31] DEBUG: Enviando ADDPJ PJ=DERED Slot=2 (Err: 0 - )
[24/03/2026 14:32:34] DEBUG: Recibido paquete ALOGIN (Err: 0 - )
[24/03/2026 14:32:34] DEBUG: ALOGIN Cuenta=scorpio PassLen=7 (Err: 0 - )
[24/03/2026 14:32:34] DEBUG: Verificando si existe cuenta: scorpio (Err: 0 - )
[24/03/2026 14:32:34] DEBUG: Cuenta existe, continuando proceso... (Err: 0 - )
[24/03/2026 14:32:34] DEBUG: Llamando ConnectAccount (Err: 0 - )
[24/03/2026 14:32:34] DEBUG: ConnectAccount Cuenta=scorpio PassLen=7 (Err: 0 - )
[24/03/2026 14:32:34] DEBUG: PassServidorLen=7 (Err: 0 - )
[24/03/2026 14:32:34] DEBUG: ConnectAccount password OK (Err: 0 - )
[24/03/2026 14:32:34] DEBUG: EnviarListaPJs Cuenta=scorpio NumPjs=2 (Err: 0 - )
[24/03/2026 14:32:35] DEBUG: Enviando ADDPJ PJ=PERERU Slot=1 (Err: 0 - )
[24/03/2026 14:32:35] DEBUG: Enviando ADDPJ PJ=DERED Slot=2 (Err: 0 - )
[24/03/2026 14:32:44] DEBUG: EnviarListaPJs Cuenta=scorpio NumPjs=2 (Err: 0 - )
[24/03/2026 14:32:44] DEBUG: Enviando ADDPJ PJ=PERERU Slot=1 (Err: 0 - )
[24/03/2026 14:32:44] DEBUG: Enviando ADDPJ PJ=DERED Slot=2 (Err: 0 - )
[24/03/2026 17:13:30] DEBUG: Recibido paquete ALOGIN (Err: 0 - )
[24/03/2026 17:13:30] DEBUG: ALOGIN Cuenta=scorpio PassLen=7 (Err: 0 - )
[24/03/2026 17:13:30] DEBUG: Verificando si existe cuenta: scorpio (Err: 0 - )
[24/03/2026 17:13:30] DEBUG: Cuenta existe, continuando proceso... (Err: 0 - )
[24/03/2026 17:13:30] DEBUG: Llamando ConnectAccount (Err: 0 - )
[24/03/2026 17:13:30] DEBUG: ConnectAccount Cuenta=scorpio PassLen=7 (Err: 0 - )
[24/03/2026 17:13:30] DEBUG: PassServidorLen=7 (Err: 0 - )
[24/03/2026 17:13:30] DEBUG: ConnectAccount password OK (Err: 0 - )
[24/03/2026 17:13:30] DEBUG: EnviarListaPJs Cuenta=scorpio NumPjs=2 (Err: 0 - )
[24/03/2026 17:13:30] DEBUG: Enviando ADDPJ PJ=PERERU Slot=1 (Err: 0 - )
[24/03/2026 17:13:30] DEBUG: Enviando ADDPJ PJ=DERED Slot=2 (Err: 0 - )
[24/03/2026 17:13:36] DEBUG: Recibido paquete ALOGIN (Err: 0 - )
[24/03/2026 17:13:36] DEBUG: ALOGIN Cuenta=scorpio PassLen=7 (Err: 0 - )
[24/03/2026 17:13:36] DEBUG: Verificando si existe cuenta: scorpio (Err: 0 - )
[24/03/2026 17:13:36] DEBUG: Cuenta existe, continuando proceso... (Err: 0 - )
[24/03/2026 17:13:36] DEBUG: Llamando ConnectAccount (Err: 0 - )
[24/03/2026 17:13:36] DEBUG: ConnectAccount Cuenta=scorpio PassLen=7 (Err: 0 - )
[24/03/2026 17:13:36] DEBUG: PassServidorLen=7 (Err: 0 - )
[24/03/2026 17:13:36] DEBUG: ConnectAccount password OK (Err: 0 - )
[24/03/2026 17:13:36] DEBUG: EnviarListaPJs Cuenta=scorpio NumPjs=2 (Err: 0 - )
[24/03/2026 17:13:36] DEBUG: Enviando ADDPJ PJ=PERERU Slot=1 (Err: 0 - )
[24/03/2026 17:13:36] DEBUG: Enviando ADDPJ PJ=DERED Slot=2 (Err: 0 - )
[24/03/2026 17:13:47] DEBUG: EnviarListaPJs Cuenta=scorpio NumPjs=2 (Err: 0 - )
[24/03/2026 17:13:47] DEBUG: Enviando ADDPJ PJ=PERERU Slot=1 (Err: 0 - )
[24/03/2026 17:13:47] DEBUG: Enviando ADDPJ PJ=DERED Slot=2 (Err: 0 - )
[24/03/2026 17:13:50] DEBUG: Recibido paquete ALOGIN (Err: 0 - )
[24/03/2026 17:13:50] DEBUG: ALOGIN Cuenta=scorpio PassLen=7 (Err: 0 - )
[24/03/2026 17:13:50] DEBUG: Verificando si existe cuenta: scorpio (Err: 0 - )
[24/03/2026 17:13:50] DEBUG: Cuenta existe, continuando proceso... (Err: 0 - )
[24/03/2026 17:13:50] DEBUG: Llamando ConnectAccount (Err: 0 - )
[24/03/2026 17:13:50] DEBUG: ConnectAccount Cuenta=scorpio PassLen=7 (Err: 0 - )
[24/03/2026 17:13:50] DEBUG: PassServidorLen=7 (Err: 0 - )
[24/03/2026 17:13:50] DEBUG: ConnectAccount password OK (Err: 0 - )
[24/03/2026 17:13:50] DEBUG: EnviarListaPJs Cuenta=scorpio NumPjs=2 (Err: 0 - )
[24/03/2026 17:13:50] DEBUG: Enviando ADDPJ PJ=PERERU Slot=1 (Err: 0 - )
[24/03/2026 17:13:50] DEBUG: Enviando ADDPJ PJ=DERED Slot=2 (Err: 0 - )
[24/03/2026 17:14:00] DEBUG: EnviarListaPJs Cuenta=scorpio NumPjs=2 (Err: 0 - )
[24/03/2026 17:14:00] DEBUG: Enviando ADDPJ PJ=PERERU Slot=1 (Err: 0 - )
[24/03/2026 17:14:00] DEBUG: Enviando ADDPJ PJ=DERED Slot=2 (Err: 0 - )
[24/03/2026 17:21:54] DEBUG: Recibido paquete ALOGIN (Err: 0 - )
[24/03/2026 17:21:54] DEBUG: ALOGIN Cuenta=scorpio PassLen=7 (Err: 0 - )
[24/03/2026 17:21:54] DEBUG: Verificando si existe cuenta: scorpio (Err: 0 - )
[24/03/2026 17:21:54] DEBUG: Cuenta existe, continuando proceso... (Err: 0 - )
[24/03/2026 17:21:54] DEBUG: Llamando ConnectAccount (Err: 0 - )
[24/03/2026 17:21:54] DEBUG: ConnectAccount Cuenta=scorpio PassLen=7 (Err: 0 - )
[24/03/2026 17:21:54] DEBUG: PassServidorLen=7 (Err: 0 - )
[24/03/2026 17:21:54] DEBUG: ConnectAccount password OK (Err: 0 - )
[24/03/2026 17:21:54] DEBUG: EnviarListaPJs Cuenta=scorpio NumPjs=2 (Err: 0 - )
[24/03/2026 17:21:54] DEBUG: Enviando ADDPJ PJ=PERERU Slot=1 (Err: 0 - )
[24/03/2026 17:21:54] DEBUG: Enviando ADDPJ PJ=DERED Slot=2 (Err: 0 - )
[24/03/2026 17:22:08] DEBUG: Recibido paquete ALOGIN (Err: 0 - )
[24/03/2026 17:22:08] DEBUG: ALOGIN Cuenta=scorpio PassLen=7 (Err: 0 - )
[24/03/2026 17:22:08] DEBUG: Verificando si existe cuenta: scorpio (Err: 0 - )
[24/03/2026 17:22:08] DEBUG: Cuenta existe, continuando proceso... (Err: 0 - )
[24/03/2026 17:22:09] DEBUG: Llamando ConnectAccount (Err: 0 - )
[24/03/2026 17:22:09] DEBUG: ConnectAccount Cuenta=scorpio PassLen=7 (Err: 0 - )
[24/03/2026 17:22:09] DEBUG: PassServidorLen=7 (Err: 0 - )
[24/03/2026 17:22:09] DEBUG: ConnectAccount password OK (Err: 0 - )
[24/03/2026 17:22:09] DEBUG: EnviarListaPJs Cuenta=scorpio NumPjs=2 (Err: 0 - )
[24/03/2026 17:22:09] DEBUG: Enviando ADDPJ PJ=PERERU Slot=1 (Err: 0 - )
[24/03/2026 17:22:09] DEBUG: Enviando ADDPJ PJ=DERED Slot=2 (Err: 0 - )
[24/03/2026 17:22:23] DEBUG: EnviarListaPJs Cuenta=scorpio NumPjs=2 (Err: 0 - )
[24/03/2026 17:22:23] DEBUG: Enviando ADDPJ PJ=PERERU Slot=1 (Err: 0 - )
[24/03/2026 17:22:23] DEBUG: Enviando ADDPJ PJ=DERED Slot=2 (Err: 0 - )
[24/03/2026 17:27:08] Error en CrearNPC (Err: 0 - )
[24/03/2026 17:27:08] Error en CrearNPC (Err: 0 - )
[24/03/2026 17:27:08] Error en CrearNPC (Err: 0 - )
[03/07/2026 13:32:17] Error en CrearNPC (Err: 0 - )
[03/07/2026 13:32:17] Error en CrearNPC (Err: 0 - )
[03/07/2026 13:32:17] Error en CrearNPC (Err: 0 - )
[09/07/2026 1:55:22] DEBUG: Recibido paquete ALOGIN (Err: 0 - )
[09/07/2026 1:55:22] DEBUG: ALOGIN Cuenta=scorpio PassLen=1 (Err: 0 - )
[09/07/2026 1:55:22] DEBUG: Verificando si existe cuenta: scorpio (Err: 0 - )
[09/07/2026 1:55:22] DEBUG: Cuenta existe, continuando proceso... (Err: 0 - )
[09/07/2026 1:55:22] DEBUG: Llamando ConnectAccount (Err: 0 - )
[09/07/2026 1:55:22] DEBUG: ConnectAccount Cuenta=scorpio PassLen=1 (Err: 0 - )
[09/07/2026 1:55:22] DEBUG: PassServidorLen=7 (Err: 0 - )
[09/07/2026 1:55:22] DEBUG: ConnectAccount password incorrecto (Err: 0 - )
[09/07/2026 1:55:28] DEBUG: Recibido paquete ALOGIN (Err: 0 - )
[09/07/2026 1:55:28] DEBUG: ALOGIN Cuenta=scorpio PassLen=1 (Err: 0 - )
[09/07/2026 1:55:28] DEBUG: Verificando si existe cuenta: scorpio (Err: 0 - )
[09/07/2026 1:55:28] DEBUG: Cuenta existe, continuando proceso... (Err: 0 - )
[09/07/2026 1:55:28] DEBUG: Llamando ConnectAccount (Err: 0 - )
[09/07/2026 1:55:28] DEBUG: ConnectAccount Cuenta=scorpio PassLen=1 (Err: 0 - )
[09/07/2026 1:55:28] DEBUG: PassServidorLen=7 (Err: 0 - )
[09/07/2026 1:55:28] DEBUG: ConnectAccount password incorrecto (Err: 0 - )
[09/07/2026 1:55:57] DEBUG: Recibido paquete ALOGIN (Err: 0 - )
[09/07/2026 1:55:57] DEBUG: ALOGIN Cuenta=scorpio PassLen=7 (Err: 0 - )
[09/07/2026 1:55:57] DEBUG: Verificando si existe cuenta: scorpio (Err: 0 - )
[09/07/2026 1:55:57] DEBUG: Cuenta existe, continuando proceso... (Err: 0 - )
[09/07/2026 1:55:57] DEBUG: Llamando ConnectAccount (Err: 0 - )
[09/07/2026 1:55:57] DEBUG: ConnectAccount Cuenta=scorpio PassLen=7 (Err: 0 - )
[09/07/2026 1:55:57] DEBUG: PassServidorLen=7 (Err: 0 - )
[09/07/2026 1:55:57] DEBUG: ConnectAccount password OK (Err: 0 - )
[09/07/2026 1:55:57] DEBUG: EnviarListaPJs Cuenta=scorpio NumPjs=2 (Err: 0 - )
[09/07/2026 1:55:57] DEBUG: Enviando ADDPJ PJ=PERERU Slot=1 (Err: 0 - )
[09/07/2026 1:55:57] DEBUG: Enviando ADDPJ PJ=DERED Slot=2 (Err: 0 - )
[09/07/2026 1:55:59] DEBUG: Recibido paquete ALOGIN (Err: 0 - )
[09/07/2026 1:55:59] DEBUG: ALOGIN Cuenta=scorpio PassLen=7 (Err: 0 - )
[09/07/2026 1:55:59] DEBUG: Verificando si existe cuenta: scorpio (Err: 0 - )
[09/07/2026 1:55:59] DEBUG: Cuenta existe, continuando proceso... (Err: 0 - )
[09/07/2026 1:55:59] DEBUG: Llamando ConnectAccount (Err: 0 - )
[09/07/2026 1:55:59] DEBUG: ConnectAccount Cuenta=scorpio PassLen=7 (Err: 0 - )
[09/07/2026 1:55:59] DEBUG: PassServidorLen=7 (Err: 0 - )
[09/07/2026 1:55:59] DEBUG: ConnectAccount password OK (Err: 0 - )
[09/07/2026 1:55:59] DEBUG: EnviarListaPJs Cuenta=scorpio NumPjs=2 (Err: 0 - )
[09/07/2026 1:55:59] DEBUG: Enviando ADDPJ PJ=PERERU Slot=1 (Err: 0 - )
[09/07/2026 1:55:59] DEBUG: Enviando ADDPJ PJ=DERED Slot=2 (Err: 0 - )
[09/07/2026 2:00:20] DEBUG: Recibido paquete ALOGIN (Err: 0 - )
[09/07/2026 2:00:20] DEBUG: ALOGIN Cuenta=scorpio PassLen=1 (Err: 0 - )
[09/07/2026 2:00:20] DEBUG: Verificando si existe cuenta: scorpio (Err: 0 - )
[09/07/2026 2:00:20] DEBUG: Cuenta existe, continuando proceso... (Err: 0 - )
[09/07/2026 2:00:20] DEBUG: Llamando ConnectAccount (Err: 0 - )
[09/07/2026 2:00:20] DEBUG: ConnectAccount Cuenta=scorpio PassLen=1 (Err: 0 - )
[09/07/2026 2:00:20] DEBUG: PassServidorLen=1 (Err: 0 - )
[09/07/2026 2:00:20] DEBUG: ConnectAccount password OK (Err: 0 - )
[09/07/2026 2:00:20] DEBUG: EnviarListaPJs Cuenta=scorpio NumPjs=2 (Err: 0 - )
[09/07/2026 2:00:20] DEBUG: Enviando ADDPJ PJ=PERERU Slot=1 (Err: 0 - )
[09/07/2026 2:00:20] DEBUG: Enviando ADDPJ PJ=DERED Slot=2 (Err: 0 - )
[09/07/2026 2:00:21] DEBUG: Recibido paquete ALOGIN (Err: 0 - )
[09/07/2026 2:00:21] DEBUG: ALOGIN Cuenta=scorpio PassLen=1 (Err: 0 - )
[09/07/2026 2:00:21] DEBUG: Verificando si existe cuenta: scorpio (Err: 0 - )
[09/07/2026 2:00:21] DEBUG: Cuenta existe, continuando proceso... (Err: 0 - )
[09/07/2026 2:00:21] DEBUG: Llamando ConnectAccount (Err: 0 - )
[09/07/2026 2:00:21] DEBUG: ConnectAccount Cuenta=scorpio PassLen=1 (Err: 0 - )
[09/07/2026 2:00:21] DEBUG: PassServidorLen=1 (Err: 0 - )
[09/07/2026 2:00:21] DEBUG: ConnectAccount password OK (Err: 0 - )
[09/07/2026 2:00:21] DEBUG: EnviarListaPJs Cuenta=scorpio NumPjs=2 (Err: 0 - )
[09/07/2026 2:00:21] DEBUG: Enviando ADDPJ PJ=PERERU Slot=1 (Err: 0 - )
[09/07/2026 2:00:21] DEBUG: Enviando ADDPJ PJ=DERED Slot=2 (Err: 0 - )
[09/07/2026 2:00:25] DEBUG: Recibido paquete ALOGIN (Err: 0 - )
[09/07/2026 2:00:25] DEBUG: ALOGIN Cuenta=scorpio PassLen=1 (Err: 0 - )
[09/07/2026 2:00:25] DEBUG: Verificando si existe cuenta: scorpio (Err: 0 - )
[09/07/2026 2:00:25] DEBUG: Cuenta existe, continuando proceso... (Err: 0 - )
[09/07/2026 2:00:25] DEBUG: Llamando ConnectAccount (Err: 0 - )
[09/07/2026 2:00:25] DEBUG: ConnectAccount Cuenta=scorpio PassLen=1 (Err: 0 - )
[09/07/2026 2:00:25] DEBUG: PassServidorLen=1 (Err: 0 - )
[09/07/2026 2:00:25] DEBUG: ConnectAccount password OK (Err: 0 - )
[09/07/2026 2:00:25] DEBUG: EnviarListaPJs Cuenta=scorpio NumPjs=2 (Err: 0 - )
[09/07/2026 2:00:25] DEBUG: Enviando ADDPJ PJ=PERERU Slot=1 (Err: 0 - )
[09/07/2026 2:00:25] DEBUG: Enviando ADDPJ PJ=DERED Slot=2 (Err: 0 - )
[09/07/2026 2:01:00] DEBUG: Recibido paquete ALOGIN (Err: 0 - )
[09/07/2026 2:01:00] DEBUG: ALOGIN Cuenta=scorpio PassLen=1 (Err: 0 - )
[09/07/2026 2:01:00] DEBUG: Verificando si existe cuenta: scorpio (Err: 0 - )
[09/07/2026 2:01:00] DEBUG: Cuenta existe, continuando proceso... (Err: 0 - )
[09/07/2026 2:01:00] DEBUG: Llamando ConnectAccount (Err: 0 - )
[09/07/2026 2:01:00] DEBUG: ConnectAccount Cuenta=scorpio PassLen=1 (Err: 0 - )
[09/07/2026 2:01:00] DEBUG: PassServidorLen=1 (Err: 0 - )
[09/07/2026 2:01:00] DEBUG: ConnectAccount password OK (Err: 0 - )
[09/07/2026 2:01:00] DEBUG: EnviarListaPJs Cuenta=scorpio NumPjs=2 (Err: 0 - )
[09/07/2026 2:01:00] DEBUG: Enviando ADDPJ PJ=PERERU Slot=1 (Err: 0 - )
[09/07/2026 2:01:00] DEBUG: Enviando ADDPJ PJ=DERED Slot=2 (Err: 0 - )
[09/07/2026 2:03:52] DEBUG: Recibido paquete ALOGIN (Err: 0 - )
[09/07/2026 2:03:52] DEBUG: ALOGIN Cuenta=scorpio PassLen=1 (Err: 0 - )
[09/07/2026 2:03:52] DEBUG: Verificando si existe cuenta: scorpio (Err: 0 - )
[09/07/2026 2:03:52] DEBUG: Cuenta existe, continuando proceso... (Err: 0 - )
[09/07/2026 2:03:52] DEBUG: Llamando ConnectAccount (Err: 0 - )
[09/07/2026 2:03:52] DEBUG: ConnectAccount Cuenta=scorpio PassLen=1 (Err: 0 - )
[09/07/2026 2:03:52] DEBUG: PassServidorLen=1 (Err: 0 - )
[09/07/2026 2:03:52] DEBUG: ConnectAccount password OK (Err: 0 - )
[09/07/2026 2:03:52] DEBUG: EnviarListaPJs Cuenta=scorpio NumPjs=2 (Err: 0 - )
[09/07/2026 2:03:52] DEBUG: Enviando ADDPJ PJ=PERERU Slot=1 (Err: 0 - )
[09/07/2026 2:03:52] DEBUG: Enviando ADDPJ PJ=DERED Slot=2 (Err: 0 - )
[09/07/2026 2:03:53] DEBUG: Recibido paquete ALOGIN (Err: 0 - )
[09/07/2026 2:03:53] DEBUG: ALOGIN Cuenta=scorpio PassLen=1 (Err: 0 - )
[09/07/2026 2:03:53] DEBUG: Verificando si existe cuenta: scorpio (Err: 0 - )
[09/07/2026 2:03:53] DEBUG: Cuenta existe, continuando proceso... (Err: 0 - )
[09/07/2026 2:03:53] DEBUG: Llamando ConnectAccount (Err: 0 - )
[09/07/2026 2:03:53] DEBUG: ConnectAccount Cuenta=scorpio PassLen=1 (Err: 0 - )
[09/07/2026 2:03:53] DEBUG: PassServidorLen=1 (Err: 0 - )
[09/07/2026 2:03:53] DEBUG: ConnectAccount password OK (Err: 0 - )
[09/07/2026 2:03:53] DEBUG: EnviarListaPJs Cuenta=scorpio NumPjs=2 (Err: 0 - )
[09/07/2026 2:03:53] DEBUG: Enviando ADDPJ PJ=PERERU Slot=1 (Err: 0 - )
[09/07/2026 2:03:53] DEBUG: Enviando ADDPJ PJ=DERED Slot=2 (Err: 0 - )
[09/07/2026 2:10:59] Error en CrearNPC (Err: 0 - )
[09/07/2026 2:10:59] Error en CrearNPC (Err: 0 - )
[09/07/2026 2:10:59] Error en CrearNPC (Err: 0 - )
[09/07/2026 2:27:02] Error en CrearNPC (Err: 0 - )
[09/07/2026 2:27:02] Error en CrearNPC (Err: 0 - )
[09/07/2026 2:27:02] Error en CrearNPC (Err: 0 - )
[09/07/2026 2:43:06] Error en CrearNPC (Err: 0 - )
[09/07/2026 2:43:06] Error en CrearNPC (Err: 0 - )
[09/07/2026 2:43:06] Error en CrearNPC (Err: 0 - )
[09/07/2026 2:59:09] Error en CrearNPC (Err: 0 - )
[09/07/2026 2:59:09] Error en CrearNPC (Err: 0 - )
[09/07/2026 2:59:09] Error en CrearNPC (Err: 0 - )
[10/07/2026 0:16:29] DEBUG: Recibido paquete ALOGIN (Err: 0 - )
[10/07/2026 0:16:29] DEBUG: ALOGIN Cuenta=scorpio PassLen=1 (Err: 0 - )
[10/07/2026 0:16:29] DEBUG: Verificando si existe cuenta: scorpio (Err: 0 - )
[10/07/2026 0:16:29] DEBUG: Cuenta existe, continuando proceso... (Err: 0 - )
[10/07/2026 0:16:29] DEBUG: Llamando ConnectAccount (Err: 0 - )
[10/07/2026 0:16:29] DEBUG: ConnectAccount Cuenta=scorpio PassLen=1 (Err: 0 - )
[10/07/2026 0:16:29] DEBUG: PassServidorLen=1 (Err: 0 - )
[10/07/2026 0:16:29] DEBUG: ConnectAccount password OK (Err: 0 - )
[10/07/2026 0:16:29] DEBUG: EnviarListaPJs Cuenta=scorpio NumPjs=2 (Err: 0 - )
[10/07/2026 0:16:29] DEBUG: Enviando ADDPJ PJ=PERERU Slot=1 (Err: 0 - )
[10/07/2026 0:16:29] DEBUG: Enviando ADDPJ PJ=DERED Slot=2 (Err: 0 - )
[10/07/2026 0:16:30] DEBUG: Recibido paquete ALOGIN (Err: 0 - )
[10/07/2026 0:16:30] DEBUG: ALOGIN Cuenta=scorpio PassLen=1 (Err: 0 - )
[10/07/2026 0:16:30] DEBUG: Verificando si existe cuenta: scorpio (Err: 0 - )
[10/07/2026 0:16:30] DEBUG: Cuenta existe, continuando proceso... (Err: 0 - )
[10/07/2026 0:16:30] DEBUG: Llamando ConnectAccount (Err: 0 - )
[10/07/2026 0:16:30] DEBUG: ConnectAccount Cuenta=scorpio PassLen=1 (Err: 0 - )
[10/07/2026 0:16:30] DEBUG: PassServidorLen=1 (Err: 0 - )
[10/07/2026 0:16:30] DEBUG: ConnectAccount password OK (Err: 0 - )
[10/07/2026 0:16:30] DEBUG: EnviarListaPJs Cuenta=scorpio NumPjs=2 (Err: 0 - )
[10/07/2026 0:16:30] DEBUG: Enviando ADDPJ PJ=PERERU Slot=1 (Err: 0 - )
[10/07/2026 0:16:30] DEBUG: Enviando ADDPJ PJ=DERED Slot=2 (Err: 0 - )
[10/07/2026 0:19:16] DEBUG: Recibido paquete ALOGIN (Err: 0 - )
[10/07/2026 0:19:16] DEBUG: ALOGIN Cuenta=scorpio PassLen=1 (Err: 0 - )
[10/07/2026 0:19:16] DEBUG: Verificando si existe cuenta: scorpio (Err: 0 - )
[10/07/2026 0:19:16] DEBUG: Cuenta existe, continuando proceso... (Err: 0 - )
[10/07/2026 0:19:16] DEBUG: Llamando ConnectAccount (Err: 0 - )
[10/07/2026 0:19:16] DEBUG: ConnectAccount Cuenta=scorpio PassLen=1 (Err: 0 - )
[10/07/2026 0:19:16] DEBUG: PassServidorLen=1 (Err: 0 - )
[10/07/2026 0:19:16] DEBUG: ConnectAccount password OK (Err: 0 - )
[10/07/2026 0:19:16] DEBUG: EnviarListaPJs Cuenta=scorpio NumPjs=1 (Err: 0 - )
[10/07/2026 0:19:16] DEBUG: Enviando ADDPJ PJ=PERERU Slot=1 (Err: 0 - )
[10/07/2026 0:19:17] DEBUG: Recibido paquete ALOGIN (Err: 0 - )
[10/07/2026 0:19:17] DEBUG: ALOGIN Cuenta=scorpio PassLen=1 (Err: 0 - )
[10/07/2026 0:19:17] DEBUG: Verificando si existe cuenta: scorpio (Err: 0 - )
[10/07/2026 0:19:17] DEBUG: Cuenta existe, continuando proceso... (Err: 0 - )
[10/07/2026 0:19:17] DEBUG: Llamando ConnectAccount (Err: 0 - )
[10/07/2026 0:19:17] DEBUG: ConnectAccount Cuenta=scorpio PassLen=1 (Err: 0 - )
[10/07/2026 0:19:17] DEBUG: PassServidorLen=1 (Err: 0 - )
[10/07/2026 0:19:17] DEBUG: ConnectAccount password OK (Err: 0 - )
[10/07/2026 0:19:17] DEBUG: EnviarListaPJs Cuenta=scorpio NumPjs=1 (Err: 0 - )
[10/07/2026 0:19:17] DEBUG: Enviando ADDPJ PJ=PERERU Slot=1 (Err: 0 - )
[10/07/2026 0:29:43] Error en CrearNPC (Err: 0 - )
[10/07/2026 0:29:43] Error en CrearNPC (Err: 0 - )
[10/07/2026 0:29:43] Error en CrearNPC (Err: 0 - )
[10/07/2026 0:45:44] Error en CrearNPC (Err: 0 - )
[10/07/2026 0:45:44] Error en CrearNPC (Err: 0 - )
[10/07/2026 0:45:44] Error en CrearNPC (Err: 0 - )
[10/07/2026 1:01:44] Error en CrearNPC (Err: 0 - )
[10/07/2026 1:01:44] Error en CrearNPC (Err: 0 - )
[10/07/2026 1:01:44] Error en CrearNPC (Err: 0 - )
[10/07/2026 1:17:45] Error en CrearNPC (Err: 0 - )
[10/07/2026 1:17:45] Error en CrearNPC (Err: 0 - )
[10/07/2026 1:17:45] Error en CrearNPC (Err: 0 - )
[11/07/2026 0:39:30] DEBUG: Recibido paquete ALOGIN (Err: 0 - )
[11/07/2026 0:39:30] DEBUG: ALOGIN Cuenta=scorpio PassLen=1 (Err: 0 - )
[11/07/2026 0:39:30] DEBUG: Verificando si existe cuenta: scorpio (Err: 0 - )
[11/07/2026 0:39:30] DEBUG: Cuenta existe, continuando proceso... (Err: 0 - )
[11/07/2026 0:39:30] DEBUG: Llamando ConnectAccount (Err: 0 - )
[11/07/2026 0:39:30] DEBUG: ConnectAccount Cuenta=scorpio PassLen=1 (Err: 0 - )
[11/07/2026 0:39:31] DEBUG: PassServidorLen=1 (Err: 0 - )
[11/07/2026 0:39:31] DEBUG: ConnectAccount password OK (Err: 0 - )
[11/07/2026 0:39:31] DEBUG: EnviarListaPJs Cuenta=scorpio NumPjs=1 (Err: 0 - )
[11/07/2026 0:39:31] DEBUG: Enviando ADDPJ PJ=PERERU Slot=1 (Err: 0 - )
[11/07/2026 0:39:33] DEBUG: Recibido paquete ALOGIN (Err: 0 - )
[11/07/2026 0:39:33] DEBUG: ALOGIN Cuenta=scorpio PassLen=1 (Err: 0 - )
[11/07/2026 0:39:33] DEBUG: Verificando si existe cuenta: scorpio (Err: 0 - )
[11/07/2026 0:39:33] DEBUG: Cuenta existe, continuando proceso... (Err: 0 - )
[11/07/2026 0:39:33] DEBUG: Llamando ConnectAccount (Err: 0 - )
[11/07/2026 0:39:33] DEBUG: ConnectAccount Cuenta=scorpio PassLen=1 (Err: 0 - )
[11/07/2026 0:39:33] DEBUG: PassServidorLen=1 (Err: 0 - )
[11/07/2026 0:39:33] DEBUG: ConnectAccount password OK (Err: 0 - )
[11/07/2026 0:39:33] DEBUG: EnviarListaPJs Cuenta=scorpio NumPjs=1 (Err: 0 - )
[11/07/2026 0:39:33] DEBUG: Enviando ADDPJ PJ=PERERU Slot=1 (Err: 0 - )
[13/07/2026 0:15:24] 13/07/2026 Clase no registrada.
Buscando objeto con CLSID:{0713E8D2-850A-101B-AFC0-4210102A8DA7} 713 C:\WINDOWS\Help\VBENLR98.CHM ServidorArgentum (Err: 0 - )
[13/07/2026 0:18:21] DEBUG: Recibido paquete ALOGIN (Err: 0 - )
[13/07/2026 0:18:21] DEBUG: ALOGIN Cuenta=scorpio PassLen=1 (Err: 0 - )
[13/07/2026 0:18:21] DEBUG: Verificando si existe cuenta: scorpio (Err: 0 - )
[13/07/2026 0:18:21] DEBUG: Cuenta existe, continuando proceso... (Err: 0 - )
[13/07/2026 0:18:21] DEBUG: Llamando ConnectAccount (Err: 0 - )
[13/07/2026 0:18:21] DEBUG: ConnectAccount Cuenta=scorpio PassLen=1 (Err: 0 - )
[13/07/2026 0:18:21] DEBUG: PassServidorLen=1 (Err: 0 - )
[13/07/2026 0:18:21] DEBUG: ConnectAccount password OK (Err: 0 - )
[13/07/2026 0:18:21] DEBUG: EnviarListaPJs Cuenta=scorpio NumPjs=1 (Err: 0 - )
[13/07/2026 0:18:21] DEBUG: Enviando ADDPJ PJ=PERERU Slot=1 (Err: 0 - )
[13/07/2026 0:18:23] DEBUG: Recibido paquete ALOGIN (Err: 0 - )
[13/07/2026 0:18:23] DEBUG: ALOGIN Cuenta=scorpio PassLen=1 (Err: 0 - )
[13/07/2026 0:18:23] DEBUG: Verificando si existe cuenta: scorpio (Err: 0 - )
[13/07/2026 0:18:23] DEBUG: Cuenta existe, continuando proceso... (Err: 0 - )
[13/07/2026 0:18:23] DEBUG: Llamando ConnectAccount (Err: 0 - )
[13/07/2026 0:18:23] DEBUG: ConnectAccount Cuenta=scorpio PassLen=1 (Err: 0 - )
[13/07/2026 0:18:23] DEBUG: PassServidorLen=1 (Err: 0 - )
[13/07/2026 0:18:23] DEBUG: ConnectAccount password OK (Err: 0 - )
[13/07/2026 0:18:23] DEBUG: EnviarListaPJs Cuenta=scorpio NumPjs=1 (Err: 0 - )
[13/07/2026 0:18:23] DEBUG: Enviando ADDPJ PJ=PERERU Slot=1 (Err: 0 - )
[13/07/2026 0:33:45] Error en CrearNPC (Err: 0 - )
[13/07/2026 0:33:45] Error en CrearNPC (Err: 0 - )
[13/07/2026 0:33:45] Error en CrearNPC (Err: 0 - )
[13/07/2026 0:49:46] Error en CrearNPC (Err: 0 - )
[13/07/2026 0:49:46] Error en CrearNPC (Err: 0 - )
[13/07/2026 0:49:46] Error en CrearNPC (Err: 0 - )
[13/07/2026 1:05:47] Error en CrearNPC (Err: 0 - )
[13/07/2026 1:05:47] Error en CrearNPC (Err: 0 - )
[13/07/2026 1:05:47] Error en CrearNPC (Err: 0 - )
[13/07/2026 1:21:48] Error en CrearNPC (Err: 0 - )
[13/07/2026 1:21:48] Error en CrearNPC (Err: 0 - )
[13/07/2026 1:21:48] Error en CrearNPC (Err: 0 - )
[13/07/2026 1:37:49] Error en CrearNPC (Err: 0 - )
[13/07/2026 1:37:49] Error en CrearNPC (Err: 0 - )
[13/07/2026 1:37:49] Error en CrearNPC (Err: 0 - )
[13/07/2026 1:53:50] Error en CrearNPC (Err: 0 - )
[13/07/2026 1:53:50] Error en CrearNPC (Err: 0 - )
[13/07/2026 1:53:50] Error en CrearNPC (Err: 0 - )
[13/07/2026 2:09:51] Error en CrearNPC (Err: 0 - )
[13/07/2026 2:09:51] Error en CrearNPC (Err: 0 - )
[13/07/2026 2:09:51] Error en CrearNPC (Err: 0 - )
